<?xml version="1.0" encoding="UTF-8"?>
<testng-results skipped="0" failed="0" ignored="0" total="1" passed="1">
  <reporter-output>
  </reporter-output>
  <suite name="Default suite" duration-ms="7955" started-at="2020-04-25T16:44:49 EDT" finished-at="2020-04-25T16:44:57 EDT">
    <groups>
    </groups>
    <test name="Default test" duration-ms="7955" started-at="2020-04-25T16:44:49 EDT" finished-at="2020-04-25T16:44:57 EDT">
      <class name="com.inetbanking.testCases.TC_LoginTest_001">
        <test-method status="PASS" signature="setup()[pri:0, instance:com.inetbanking.testCases.TC_LoginTest_001@56aac163]" name="setup" is-config="true" duration-ms="4692" started-at="2020-04-25T16:44:49 EDT" finished-at="2020-04-25T16:44:54 EDT">
          <reporter-output>
          </reporter-output>
        </test-method> <!-- setup -->
        <test-method status="PASS" signature="loginTest()[pri:0, instance:com.inetbanking.testCases.TC_LoginTest_001@56aac163]" name="loginTest" duration-ms="3200" started-at="2020-04-25T16:44:54 EDT" finished-at="2020-04-25T16:44:57 EDT">
          <reporter-output>
          </reporter-output>
        </test-method> <!-- loginTest -->
        <test-method status="PASS" signature="tearDown()[pri:0, instance:com.inetbanking.testCases.TC_LoginTest_001@56aac163]" name="tearDown" is-config="true" duration-ms="1" started-at="2020-04-25T16:44:57 EDT" finished-at="2020-04-25T16:44:57 EDT">
          <reporter-output>
          </reporter-output>
        </test-method> <!-- tearDown -->
      </class> <!-- com.inetbanking.testCases.TC_LoginTest_001 -->
    </test> <!-- Default test -->
  </suite> <!-- Default suite -->
</testng-results>
